This is pdfTeX, Version 3.14159265-2.6-1.40.19 (MiKTeX 2.9.6800) (preloaded format=pdflatex 2018.9.23)  1 MAY 2019 19:51
entering extended mode
**./005_salinas.tex
(005_salinas.tex
LaTeX2e <2018-04-01> patch level 5
("C:\Users\Ever\AppData\Local\Programs\MiKTeX 2.9\tex\latex\base\article.cls"
Document Class: article 2014/09/29 v1.4h Standard LaTeX document class
("C:\Users\Ever\AppData\Local\Programs\MiKTeX 2.9\tex\latex\base\size10.clo"
File: size10.clo 2014/09/29 v1.4h Standard LaTeX file (size option)
)
\c@part=\count80
\c@section=\count81
\c@subsection=\count82
\c@subsubsection=\count83
\c@paragraph=\count84
\c@subparagraph=\count85
\c@figure=\count86
\c@table=\count87
\abovecaptionskip=\skip41
\belowcaptionskip=\skip42
\bibindent=\dimen102
)
("C:\Users\Ever\AppData\Local\Programs\MiKTeX 2.9\tex\latex\base\inputenc.sty"
Package: inputenc 2018/04/06 v1.3b Input encoding file
\inpenc@prehook=\toks14
\inpenc@posthook=\toks15
) ("C:\Users\Ever\AppData\Local\Programs\MiKTeX 2.9\tex\latex\amsmath\amsmath.s
ty"
Package: amsmath 2017/09/02 v2.17a AMS math features
\@mathmargin=\skip43

For additional information on amsmath, use the `?' option.
("C:\Users\Ever\AppData\Local\Programs\MiKTeX 2.9\tex\latex\amsmath\amstext.sty
"
Package: amstext 2000/06/29 v2.01 AMS text
 ("C:\Users\Ever\AppData\Local\Programs\MiKTeX 2.9\tex\latex\amsmath\amsgen.sty
"
File: amsgen.sty 1999/11/30 v2.0 generic functions
\@emptytoks=\toks16
\ex@=\dimen103
))
("C:\Users\Ever\AppData\Local\Programs\MiKTeX 2.9\tex\latex\amsmath\amsbsy.sty"
Package: amsbsy 1999/11/29 v1.2d Bold Symbols
\pmbraise@=\dimen104
) ("C:\Users\Ever\AppData\Local\Programs\MiKTeX 2.9\tex\latex\amsmath\amsopn.st
y"
Package: amsopn 2016/03/08 v2.02 operator names
)
\inf@bad=\count88
LaTeX Info: Redefining \frac on input line 213.
\uproot@=\count89
\leftroot@=\count90
LaTeX Info: Redefining \overline on input line 375.
\classnum@=\count91
\DOTSCASE@=\count92
LaTeX Info: Redefining \ldots on input line 472.
LaTeX Info: Redefining \dots on input line 475.
LaTeX Info: Redefining \cdots on input line 596.
\Mathstrutbox@=\box26
\strutbox@=\box27
\big@size=\dimen105
LaTeX Font Info:    Redeclaring font encoding OML on input line 712.
LaTeX Font Info:    Redeclaring font encoding OMS on input line 713.
\macc@depth=\count93
\c@MaxMatrixCols=\count94
\dotsspace@=\muskip10
\c@parentequation=\count95
\dspbrk@lvl=\count96
\tag@help=\toks17
\row@=\count97
\column@=\count98
\maxfields@=\count99
\andhelp@=\toks18
\eqnshift@=\dimen106
\alignsep@=\dimen107
\tagshift@=\dimen108
\tagwidth@=\dimen109
\totwidth@=\dimen110
\lineht@=\dimen111
\@envbody=\toks19
\multlinegap=\skip44
\multlinetaggap=\skip45
\mathdisplay@stack=\toks20
LaTeX Info: Redefining \[ on input line 2817.
LaTeX Info: Redefining \] on input line 2818.
)
("C:\Users\Ever\AppData\Local\Programs\MiKTeX 2.9\tex\latex\amsfonts\amsfonts.s
ty"
Package: amsfonts 2013/01/14 v3.01 Basic AMSFonts support
\symAMSa=\mathgroup4
\symAMSb=\mathgroup5
LaTeX Font Info:    Overwriting math alphabet `\mathfrak' in version `bold'
(Font)                  U/euf/m/n --> U/euf/b/n on input line 106.
)
("C:\Users\Ever\AppData\Local\Programs\MiKTeX 2.9\tex\latex\amsfonts\amssymb.st
y"
Package: amssymb 2013/01/14 v3.01 AMS font symbols
)
("C:\Users\Ever\AppData\Local\Programs\MiKTeX 2.9\tex\latex\graphics\graphicx.s
ty"
Package: graphicx 2017/06/01 v1.1a Enhanced LaTeX Graphics (DPC,SPQR)

("C:\Users\Ever\AppData\Local\Programs\MiKTeX 2.9\tex\latex\graphics\keyval.sty
"
Package: keyval 2014/10/28 v1.15 key=value parser (DPC)
\KV@toks@=\toks21
)
("C:\Users\Ever\AppData\Local\Programs\MiKTeX 2.9\tex\latex\graphics\graphics.s
ty"
Package: graphics 2017/06/25 v1.2c Standard LaTeX Graphics (DPC,SPQR)

("C:\Users\Ever\AppData\Local\Programs\MiKTeX 2.9\tex\latex\graphics\trig.sty"
Package: trig 2016/01/03 v1.10 sin cos tan (DPC)
)
("C:\Users\Ever\AppData\Local\Programs\MiKTeX 2.9\tex\latex\graphics-cfg\graphi
cs.cfg"
File: graphics.cfg 2016/06/04 v1.11 sample graphics configuration
)
Package graphics Info: Driver file: pdftex.def on input line 99.

("C:\Users\Ever\AppData\Local\Programs\MiKTeX 2.9\tex\latex\graphics-def\pdftex
.def"
File: pdftex.def 2018/01/08 v1.0l Graphics/color driver for pdftex
))
\Gin@req@height=\dimen112
\Gin@req@width=\dimen113
)
("C:\Users\Ever\AppData\Local\Programs\MiKTeX 2.9\tex\latex\hyperref\hyperref.s
ty"
Package: hyperref 2018/02/06 v6.86b Hypertext links for LaTeX

("C:\Users\Ever\AppData\Local\Programs\MiKTeX 2.9\tex\generic\oberdiek\hobsub-h
yperref.sty"
Package: hobsub-hyperref 2016/05/16 v1.14 Bundle oberdiek, subset hyperref (HO)


("C:\Users\Ever\AppData\Local\Programs\MiKTeX 2.9\tex\generic\oberdiek\hobsub-g
eneric.sty"
Package: hobsub-generic 2016/05/16 v1.14 Bundle oberdiek, subset generic (HO)
Package: hobsub 2016/05/16 v1.14 Construct package bundles (HO)
Package: infwarerr 2016/05/16 v1.4 Providing info/warning/error messages (HO)
Package: ltxcmds 2016/05/16 v1.23 LaTeX kernel commands for general use (HO)
Package: ifluatex 2016/05/16 v1.4 Provides the ifluatex switch (HO)
Package ifluatex Info: LuaTeX not detected.
Package: ifvtex 2016/05/16 v1.6 Detect VTeX and its facilities (HO)
Package ifvtex Info: VTeX not detected.
Package: intcalc 2016/05/16 v1.2 Expandable calculations with integers (HO)
Package: ifpdf 2017/03/15 v3.2 Provides the ifpdf switch
Package: etexcmds 2016/05/16 v1.6 Avoid name clashes with e-TeX commands (HO)
Package etexcmds Info: Could not find \expanded.
(etexcmds)             That can mean that you are not using pdfTeX 1.50 or
(etexcmds)             that some package has redefined \expanded.
(etexcmds)             In the latter case, load this package earlier.
Package: kvsetkeys 2016/05/16 v1.17 Key value parser (HO)
Package: kvdefinekeys 2016/05/16 v1.4 Define keys (HO)
Package: pdftexcmds 2018/01/30 v0.27 Utility functions of pdfTeX for LuaTeX (HO
)
Package pdftexcmds Info: LuaTeX not detected.
Package pdftexcmds Info: \pdf@primitive is available.
Package pdftexcmds Info: \pdf@ifprimitive is available.
Package pdftexcmds Info: \pdfdraftmode found.
Package: pdfescape 2016/05/16 v1.14 Implements pdfTeX's escape features (HO)
Package: bigintcalc 2016/05/16 v1.4 Expandable calculations on big integers (HO
)
Package: bitset 2016/05/16 v1.2 Handle bit-vector datatype (HO)
Package: uniquecounter 2016/05/16 v1.3 Provide unlimited unique counter (HO)
)
Package hobsub Info: Skipping package `hobsub' (already loaded).
Package: letltxmacro 2016/05/16 v1.5 Let assignment for LaTeX macros (HO)
Package: hopatch 2016/05/16 v1.3 Wrapper for package hooks (HO)
Package: xcolor-patch 2016/05/16 xcolor patch
Package: atveryend 2016/05/16 v1.9 Hooks at the very end of document (HO)
Package atveryend Info: \enddocument detected (standard20110627).
Package: atbegshi 2016/06/09 v1.18 At begin shipout hook (HO)
Package: refcount 2016/05/16 v3.5 Data extraction from label references (HO)
Package: hycolor 2016/05/16 v1.8 Color options for hyperref/bookmark (HO)
)
("C:\Users\Ever\AppData\Local\Programs\MiKTeX 2.9\tex\generic\ifxetex\ifxetex.s
ty"
Package: ifxetex 2010/09/12 v0.6 Provides ifxetex conditional
)
("C:\Users\Ever\AppData\Local\Programs\MiKTeX 2.9\tex\latex\oberdiek\auxhook.st
y"
Package: auxhook 2016/05/16 v1.4 Hooks for auxiliary files (HO)
)
("C:\Users\Ever\AppData\Local\Programs\MiKTeX 2.9\tex\latex\oberdiek\kvoptions.
sty"
Package: kvoptions 2016/05/16 v3.12 Key value format for package options (HO)
)
\@linkdim=\dimen114
\Hy@linkcounter=\count100
\Hy@pagecounter=\count101

("C:\Users\Ever\AppData\Local\Programs\MiKTeX 2.9\tex\latex\hyperref\pd1enc.def
"
File: pd1enc.def 2018/02/06 v6.86b Hyperref: PDFDocEncoding definition (HO)
Now handling font encoding PD1 ...
... no UTF-8 mapping file for font encoding PD1
)
\Hy@SavedSpaceFactor=\count102

("C:\Users\Ever\AppData\Local\Programs\MiKTeX 2.9\tex\latex\00miktex\hyperref.c
fg"
File: hyperref.cfg 2002/06/06 v1.2 hyperref configuration of TeXLive
)
Package hyperref Info: Hyper figures OFF on input line 4509.
Package hyperref Info: Link nesting OFF on input line 4514.
Package hyperref Info: Hyper index ON on input line 4517.
Package hyperref Info: Plain pages OFF on input line 4524.
Package hyperref Info: Backreferencing OFF on input line 4529.
Package hyperref Info: Implicit mode ON; LaTeX internals redefined.
Package hyperref Info: Bookmarks ON on input line 4762.
\c@Hy@tempcnt=\count103
 ("C:\Users\Ever\AppData\Local\Programs\MiKTeX 2.9\tex\latex\url\url.sty"
\Urlmuskip=\muskip11
Package: url 2013/09/16  ver 3.4  Verb mode for urls, etc.
)
LaTeX Info: Redefining \url on input line 5115.
\XeTeXLinkMargin=\dimen115
\Fld@menulength=\count104
\Field@Width=\dimen116
\Fld@charsize=\dimen117
Package hyperref Info: Hyper figures OFF on input line 6369.
Package hyperref Info: Link nesting OFF on input line 6374.
Package hyperref Info: Hyper index ON on input line 6377.
Package hyperref Info: backreferencing OFF on input line 6384.
Package hyperref Info: Link coloring OFF on input line 6389.
Package hyperref Info: Link coloring with OCG OFF on input line 6394.
Package hyperref Info: PDF/A mode OFF on input line 6399.
LaTeX Info: Redefining \ref on input line 6439.
LaTeX Info: Redefining \pageref on input line 6443.
\Hy@abspage=\count105
\c@Item=\count106
\c@Hfootnote=\count107
)
Package hyperref Info: Driver (autodetected): hpdftex.

("C:\Users\Ever\AppData\Local\Programs\MiKTeX 2.9\tex\latex\hyperref\hpdftex.de
f"
File: hpdftex.def 2018/02/06 v6.86b Hyperref driver for pdfTeX
\Fld@listcount=\count108
\c@bookmark@seq@number=\count109

("C:\Users\Ever\AppData\Local\Programs\MiKTeX 2.9\tex\latex\oberdiek\rerunfilec
heck.sty"
Package: rerunfilecheck 2016/05/16 v1.8 Rerun checks for auxiliary files (HO)
Package uniquecounter Info: New unique counter `rerunfilecheck' on input line 2
82.
)
\Hy@SectionHShift=\skip46
)
Package hyperref Info: Option `colorlinks' set `true' on input line 24.

("C:\Users\Ever\AppData\Local\Programs\MiKTeX 2.9\tex\latex\varwidth\varwidth.s
ty"
Package: varwidth 2009/03/30 ver 0.92;  Variable-width minipages
\@vwid@box=\box28
\sift@deathcycles=\count110
\@vwid@loff=\dimen118
\@vwid@roff=\dimen119
)
("C:\Users\Ever\AppData\Local\Programs\MiKTeX 2.9\tex\latex\multirow\multirow.s
ty"
Package: multirow 2018/08/03 v2.3 Span multiple rows of a table
\multirow@colwidth=\skip47
\multirow@cntb=\count111
\multirow@dima=\skip48
\bigstrutjot=\dimen120
)
("C:\Users\Ever\AppData\Local\Programs\MiKTeX 2.9\tex\latex\geometry\geometry.s
ty"
Package: geometry 2018/04/16 v5.8 Page Geometry
\Gm@cnth=\count112
\Gm@cntv=\count113
\c@Gm@tempcnt=\count114
\Gm@bindingoffset=\dimen121
\Gm@wd@mp=\dimen122
\Gm@odd@mp=\dimen123
\Gm@even@mp=\dimen124
\Gm@layoutwidth=\dimen125
\Gm@layoutheight=\dimen126
\Gm@layouthoffset=\dimen127
\Gm@layoutvoffset=\dimen128
\Gm@dimlist=\toks22

("C:\Users\Ever\AppData\Local\Programs\MiKTeX 2.9\tex\latex\geometry\geometry.c
fg"))
("C:\Users\Ever\AppData\Local\Programs\MiKTeX 2.9\tex\latex\pdfpages\pdfpages.s
ty"
Package: pdfpages 2017/10/31 v0.5l Insert pages of external PDF documents (AM)
 ("C:\Users\Ever\AppData\Local\Programs\MiKTeX 2.9\tex\latex\base\ifthen.sty"
Package: ifthen 2014/09/29 v1.1c Standard LaTeX ifthen package (DPC)
) ("C:\Users\Ever\AppData\Local\Programs\MiKTeX 2.9\tex\latex\tools\calc.sty"
Package: calc 2017/05/25 v4.3 Infix arithmetic (KKT,FJ)
\calc@Acount=\count115
\calc@Bcount=\count116
\calc@Adimen=\dimen129
\calc@Bdimen=\dimen130
\calc@Askip=\skip49
\calc@Bskip=\skip50
LaTeX Info: Redefining \setlength on input line 80.
LaTeX Info: Redefining \addtolength on input line 81.
\calc@Ccount=\count117
\calc@Cskip=\skip51
) ("C:\Users\Ever\AppData\Local\Programs\MiKTeX 2.9\tex\latex\eso-pic\eso-pic.s
ty"
Package: eso-pic 2018/04/12 v2.0h eso-pic (RN)
 ("C:\Users\Ever\AppData\Local\Programs\MiKTeX 2.9\tex\latex\xcolor\xcolor.sty"
Package: xcolor 2016/05/11 v2.12 LaTeX color extensions (UK)

("C:\Users\Ever\AppData\Local\Programs\MiKTeX 2.9\tex\latex\graphics-cfg\color.
cfg"
File: color.cfg 2016/01/02 v1.6 sample color configuration
)
Package xcolor Info: Driver file: pdftex.def on input line 225.
Package xcolor Info: Model `cmy' substituted by `cmy0' on input line 1348.
Package xcolor Info: Model `hsb' substituted by `rgb' on input line 1352.
Package xcolor Info: Model `RGB' extended on input line 1364.
Package xcolor Info: Model `HTML' substituted by `rgb' on input line 1366.
Package xcolor Info: Model `Hsb' substituted by `hsb' on input line 1367.
Package xcolor Info: Model `tHsb' substituted by `hsb' on input line 1368.
Package xcolor Info: Model `HSB' substituted by `hsb' on input line 1369.
Package xcolor Info: Model `Gray' substituted by `gray' on input line 1370.
Package xcolor Info: Model `wave' substituted by `hsb' on input line 1371.
))
\AM@pagewidth=\dimen131
\AM@pageheight=\dimen132

("C:\Users\Ever\AppData\Local\Programs\MiKTeX 2.9\tex\latex\pdfpages\pppdftex.d
ef"
File: pppdftex.def 2017/10/31 v0.5l Pdfpages driver for pdfTeX (AM)
)
\AM@pagebox=\box29
\AM@global@opts=\toks23
\AM@toc@title=\toks24
\c@AM@survey=\count118
\AM@templatesizebox=\box30
)
("C:\Users\Ever\AppData\Local\Programs\MiKTeX 2.9\tex\latex\minted\minted.sty"
Package: minted 2017/07/19 v2.5 Yet another Pygments shim for LaTeX

("C:\Users\Ever\AppData\Local\Programs\MiKTeX 2.9\tex\latex\fvextra\fvextra.sty
"
Package: fvextra 2019/02/04 v1.4 fvextra - extensions and patches for fancyvrb

("C:\Users\Ever\AppData\Local\Programs\MiKTeX 2.9\tex\latex\etoolbox\etoolbox.s
ty"
Package: etoolbox 2018/08/19 v2.5f e-TeX tools for LaTeX (JAW)
\etb@tempcnta=\count119
)
("C:\Users\Ever\AppData\Local\Programs\MiKTeX 2.9\tex\latex\fancyvrb\fancyvrb.s
ty"
Package: fancyvrb 2019/01/15
 Style option: `fancyvrb' v3.2a <2019/01/15> (tvz)
\FV@CodeLineNo=\count120
\FV@InFile=\read1
\FV@TabBox=\box31
\c@FancyVerbLine=\count121
\FV@StepNumber=\count122
\FV@OutFile=\write3
)
("C:\Users\Ever\AppData\Local\Programs\MiKTeX 2.9\tex\latex\upquote\upquote.sty
"
Package: upquote 2012/04/19 v1.3 upright-quote and grave-accent glyphs in verba
tim
) ("C:\Users\Ever\AppData\Local\Programs\MiKTeX 2.9\tex\latex\lineno\lineno.sty
"
Package: lineno 2005/11/02 line numbers on paragraphs v4.41
\linenopenalty=\count123
\output=\toks25
\linenoprevgraf=\count124
\linenumbersep=\dimen133
\linenumberwidth=\dimen134
\c@linenumber=\count125
\c@pagewiselinenumber=\count126
\c@LN@truepage=\count127
\c@internallinenumber=\count128
\c@internallinenumbers=\count129
\quotelinenumbersep=\dimen135
\bframerule=\dimen136
\bframesep=\dimen137
\bframebox=\box32
LaTeX Info: Redefining \\ on input line 3056.
)
\c@FV@TrueTabGroupLevel=\count130
\c@FV@TrueTabCounter=\count131
\FV@TabBox@Group=\box33
\FV@TmpLength=\skip52
\c@FV@HighlightLinesStart=\count132
\c@FV@HighlightLinesStop=\count133
\FV@LoopCount=\count134
\FV@NCharsBox=\box34
\FV@BreakIndent=\dimen138
\FV@BreakIndentNChars=\count135
\FV@BreakSymbolSepLeft=\dimen139
\FV@BreakSymbolSepLeftNChars=\count136
\FV@BreakSymbolSepRight=\dimen140
\FV@BreakSymbolSepRightNChars=\count137
\FV@BreakSymbolIndentLeft=\dimen141
\FV@BreakSymbolIndentLeftNChars=\count138
\FV@BreakSymbolIndentRight=\dimen142
\FV@BreakSymbolIndentRightNChars=\count139
\c@FancyVerbLineBreakLast=\count140
\FV@LineBox=\box35
\FV@LineIndentBox=\box36
\FV@LineWidth=\dimen143
)
("C:\Users\Ever\AppData\Local\Programs\MiKTeX 2.9\tex\latex\tools\shellesc.sty"
Package: shellesc 2016/06/07 v0.02a unified shell escape interface for LaTeX
Package shellesc Info: Unrestricted shell escape enabled on input line 67.
)
("C:\Users\Ever\AppData\Local\Programs\MiKTeX 2.9\tex\latex\ifplatform\ifplatfo
rm.sty"
Package: ifplatform 2017/10/13 v0.4a Testing for the operating system

("C:\Users\Ever\AppData\Local\Programs\MiKTeX 2.9\tex\generic\oberdiek\catchfil
e.sty"
Package: catchfile 2016/05/16 v1.7 Catch the contents of a file (HO)
))
("C:\Users\Ever\AppData\Local\Programs\MiKTeX 2.9\tex\latex\xstring\xstring.sty
"
("C:\Users\Ever\AppData\Local\Programs\MiKTeX 2.9\tex\generic\xstring\xstring.t
ex"
\integerpart=\count141
\decimalpart=\count142
)
Package: xstring 2019/02/06 v1.83 String manipulations (CT)
)
("C:\Users\Ever\AppData\Local\Programs\MiKTeX 2.9\tex\latex\framed\framed.sty"
Package: framed 2011/10/22 v 0.96: framed or shaded text with page breaks
\OuterFrameSep=\skip53
\fb@frw=\dimen144
\fb@frh=\dimen145
\FrameRule=\dimen146
\FrameSep=\dimen147
) ("C:\Users\Ever\AppData\Local\Programs\MiKTeX 2.9\tex\latex\float\float.sty"
Package: float 2001/11/08 v1.3d Float enhancements (AL)
\c@float@type=\count143
\float@exts=\toks26
\float@box=\box37
\@float@everytoks=\toks27
\@floatcapt=\box38
)
\minted@appexistsfile=\read2
\minted@bgbox=\box39
\minted@code=\write4
\c@minted@FancyVerbLineTemp=\count144
\c@minted@pygmentizecounter=\count145
\@float@every@listing=\toks28
\c@listing=\count146
)
runsystem(if not exist _minted-005_salinas mkdir _minted-005_salinas)...execute
d.

runsystem(for ^%i in (pygmentize.exe pygmentize.bat pygmentize.cmd) do set > 00
5_salinas.aex <nul: /p x=^%~$PATH:i>> 005_salinas.aex)...executed.

runsystem(del 005_salinas.aex)...executed.

(005_salinas.aux)
\openout1 = `005_salinas.aux'.

LaTeX Font Info:    Checking defaults for OML/cmm/m/it on input line 54.
LaTeX Font Info:    ... okay on input line 54.
LaTeX Font Info:    Checking defaults for T1/cmr/m/n on input line 54.
LaTeX Font Info:    ... okay on input line 54.
LaTeX Font Info:    Checking defaults for OT1/cmr/m/n on input line 54.
LaTeX Font Info:    ... okay on input line 54.
LaTeX Font Info:    Checking defaults for OMS/cmsy/m/n on input line 54.
LaTeX Font Info:    ... okay on input line 54.
LaTeX Font Info:    Checking defaults for OMX/cmex/m/n on input line 54.
LaTeX Font Info:    ... okay on input line 54.
LaTeX Font Info:    Checking defaults for U/cmr/m/n on input line 54.
LaTeX Font Info:    ... okay on input line 54.
LaTeX Font Info:    Checking defaults for PD1/pdf/m/n on input line 54.
LaTeX Font Info:    ... okay on input line 54.

("C:\Users\Ever\AppData\Local\Programs\MiKTeX 2.9\tex\context\base\supp-pdf.mki
i"
[Loading MPS to PDF converter (version 2006.09.02).]
\scratchcounter=\count147
\scratchdimen=\dimen148
\scratchbox=\box40
\nofMPsegments=\count148
\nofMParguments=\count149
\everyMPshowfont=\toks29
\MPscratchCnt=\count150
\MPscratchDim=\dimen149
\MPnumerator=\count151
\makeMPintoPDFobject=\count152
\everyMPtoPDFconversion=\toks30
)
("C:\Users\Ever\AppData\Local\Programs\MiKTeX 2.9\tex\latex\oberdiek\epstopdf-b
ase.sty"
Package: epstopdf-base 2016/05/15 v2.6 Base part for package epstopdf

("C:\Users\Ever\AppData\Local\Programs\MiKTeX 2.9\tex\latex\oberdiek\grfext.sty
"
Package: grfext 2016/05/16 v1.2 Manage graphics extensions (HO)
)
Package epstopdf-base Info: Redefining graphics rule for `.eps' on input line 4
38.
Package grfext Info: Graphics extension search list:
(grfext)             [.pdf,.png,.jpg,.mps,.jpeg,.jbig2,.jb2,.PDF,.PNG,.JPG,.JPE
G,.JBIG2,.JB2,.eps]
(grfext)             \AppendGraphicsExtensions on input line 456.
)
\AtBeginShipoutBox=\box41
Package hyperref Info: Link coloring ON on input line 54.

("C:\Users\Ever\AppData\Local\Programs\MiKTeX 2.9\tex\latex\hyperref\nameref.st
y"
Package: nameref 2016/05/21 v2.44 Cross-referencing by name of section

("C:\Users\Ever\AppData\Local\Programs\MiKTeX 2.9\tex\generic\oberdiek\gettitle
string.sty"
Package: gettitlestring 2016/05/16 v1.5 Cleanup title references (HO)
)
\c@section@level=\count153
)
LaTeX Info: Redefining \ref on input line 54.
LaTeX Info: Redefining \pageref on input line 54.
LaTeX Info: Redefining \nameref on input line 54.
 (005_salinas.out) (005_salinas.out)
\@outlinefile=\write5
\openout5 = `005_salinas.out'.


*geometry* driver: auto-detecting
*geometry* detected driver: pdftex
*geometry* verbose mode - [ preamble ] result:
* driver: pdftex
* paper: a4paper
* layout: <same size as paper>
* layoutoffset:(h,v)=(0.0pt,0.0pt)
* modes: 
* h-part:(L,W,R)=(42.67912pt, 512.14963pt, 42.67912pt)
* v-part:(T,H,B)=(42.67912pt, 759.6886pt, 42.67912pt)
* \paperwidth=597.50787pt
* \paperheight=845.04684pt
* \textwidth=512.14963pt
* \textheight=759.6886pt
* \oddsidemargin=-29.59087pt
* \evensidemargin=-29.59087pt
* \topmargin=-66.59087pt
* \headheight=12.0pt
* \headsep=25.0pt
* \topskip=10.0pt
* \footskip=30.0pt
* \marginparwidth=65.0pt
* \marginparsep=11.0pt
* \columnsep=10.0pt
* \skip\footins=9.0pt plus 4.0pt minus 2.0pt
* \hoffset=0.0pt
* \voffset=0.0pt
* \mag=1000
* \@twocolumnfalse
* \@twosidefalse
* \@mparswitchfalse
* \@reversemarginfalse
* (1in=72.27pt=25.4mm, 1cm=28.453pt)


("C:\Users\Ever\AppData\Local\Programs\MiKTeX 2.9\tex\latex\oberdiek\pdflscape.
sty"
Package: pdflscape 2016/05/14 v0.11 Display of landscape pages in PDF (HO)

("C:\Users\Ever\AppData\Local\Programs\MiKTeX 2.9\tex\latex\graphics\lscape.sty
"
Package: lscape 2000/10/22 v3.01 Landscape Pages (DPC)
)
Package pdflscape Info: Auto-detected driver: pdftex on input line 81.
)
<./portada/portada.pdf, id=15, 597.50829pt x 845.0471pt>
File: ./portada/portada.pdf Graphic file (type pdf)
<use ./portada/portada.pdf>
Package pdftex.def Info: ./portada/portada.pdf  used on input line 56.
(pdftex.def)             Requested size: 597.50682pt x 845.04504pt.
File: ./portada/portada.pdf Graphic file (type pdf)
<use ./portada/portada.pdf>
Package pdftex.def Info: ./portada/portada.pdf  used on input line 56.
(pdftex.def)             Requested size: 597.50682pt x 845.04504pt.
<./portada/portada.pdf, id=18, page=1, 597.50829pt x 845.0471pt>
File: ./portada/portada.pdf Graphic file (type pdf)
<use ./portada/portada.pdf, page 1>
Package pdftex.def Info: ./portada/portada.pdf , page1 used on input line 56.
(pdftex.def)             Requested size: 597.50682pt x 845.04504pt.
File: ./portada/portada.pdf Graphic file (type pdf)
<use ./portada/portada.pdf, page 1>
Package pdftex.def Info: ./portada/portada.pdf , page1 used on input line 56.
(pdftex.def)             Requested size: 597.53416pt x 845.08372pt.
File: ./portada/portada.pdf Graphic file (type pdf)
<use ./portada/portada.pdf, page 1>
Package pdftex.def Info: ./portada/portada.pdf , page1 used on input line 56.
(pdftex.def)             Requested size: 597.53416pt x 845.08372pt.
File: ./portada/portada.pdf Graphic file (type pdf)
<use ./portada/portada.pdf, page 1>
Package pdftex.def Info: ./portada/portada.pdf , page1 used on input line 56.
(pdftex.def)             Requested size: 597.53416pt x 845.08372pt.
File: ./portada/portada.pdf Graphic file (type pdf)
<use ./portada/portada.pdf, page 1>
Package pdftex.def Info: ./portada/portada.pdf , page1 used on input line 56.
(pdftex.def)             Requested size: 597.53416pt x 845.08372pt.
 [1

 <./portada/portada.pdf{C:/Users/Ever/AppData/Local/MiKTeX/2.9/pdftex/config/pd
ftex.map}>]
LaTeX Font Info:    Try loading font information for OMS+cmr on input line 64.

("C:\Users\Ever\AppData\Local\Programs\MiKTeX 2.9\tex\latex\base\omscmr.fd"
File: omscmr.fd 2014/09/29 v2.5h Standard LaTeX font definitions
)
LaTeX Font Info:    Font shape `OMS/cmr/m/n' in size <10> not available
(Font)              Font shape `OMS/cmsy/m/n' tried instead on input line 64.

Underfull \hbox (badness 10000) in paragraph at lines 75--77

 []

(_minted-005_salinas/default-pyg-prefix.pygstyle)
(_minted-005_salinas/default.pygstyle)
(_minted-005_salinas/FBF92EAF4BD130CC90EA30AA7F29CB8D5D4AD018E618C055798A583A3B
7481E3.pygtex
LaTeX Font Info:    Font shape `OT1/cmtt/bx/n' in size <10> not available
(Font)              Font shape `OT1/cmtt/m/n' tried instead on input line 2.
) (_minted-005_salinas/monokai.pygstyle)
(_minted-005_salinas/9B69D78E99BFD5955C44A00C45D0F5DAD06718B52AED8779D078CE11EC
70CC20.pygtex) [2] [3]
Underfull \hbox (badness 10000) in paragraph at lines 113--115

 []


(_minted-005_salinas/7BF3C0CE64674DB24C9EA7887AC0B6DB5784558E502BB80676363BA49F
AC22F6.pygtex)
Underfull \hbox (badness 10000) in paragraph at lines 132--133

 []


(_minted-005_salinas/5DDA743B34B156F163916144D7C9908C97A80480660D44546DFE5625CF
753369.pygtex) [4

]
Underfull \hbox (badness 10000) in paragraph at lines 153--155

 []

runsystem(pygmentize -l ./pseudocode.py:PseudocodeLexer -x -f latex -P commandp
refix=PYG -F tokenmerge -o _minted-005_salinas/10DB236A9A557860EBA1032B9870759D
6A4A785AA7720DC0FBBA34466AB3931F.pygtex ./pseudocodigo/003.algo)...executed.


(_minted-005_salinas/10DB236A9A557860EBA1032B9870759D6A4A785AA7720DC0FBBA34466A
B3931F.pygtex)
Underfull \hbox (badness 10000) in paragraph at lines 172--173

 []


(_minted-005_salinas/1083E369DABA2E9F49F72B90031F2BF3508F11CAED1EA49CF1BB0B8392
06FB9E.pygtex) [5

] [6]
Underfull \hbox (badness 10000) in paragraph at lines 193--194

 []


Underfull \hbox (badness 10000) in paragraph at lines 195--196

 []


(_minted-005_salinas/CC91DB76D1F9295D8941344F319525469F015D9452489DEFB9B3FEF0F5
25E15B.pygtex)
(_minted-005_salinas/762206873A48F624F8FA015DB538CB28EBA0E9C3B31B0EF5E28D1C08AF
DC3FB9.pygtex) [7

]
Underfull \hbox (badness 10000) in paragraph at lines 233--234

 []


Underfull \hbox (badness 10000) in paragraph at lines 236--237

 []


Underfull \hbox (badness 10000) in paragraph at lines 236--237

 []

LaTeX Font Info:    Try loading font information for U+msa on input line 239.
("C:\Users\Ever\AppData\Local\Programs\MiKTeX 2.9\tex\latex\amsfonts\umsa.fd"
File: umsa.fd 2013/01/14 v3.01 AMS symbols A
)
LaTeX Font Info:    Try loading font information for U+msb on input line 239.

("C:\Users\Ever\AppData\Local\Programs\MiKTeX 2.9\tex\latex\amsfonts\umsb.fd"
File: umsb.fd 2013/01/14 v3.01 AMS symbols B
)
Underfull \hbox (badness 10000) in paragraph at lines 238--242

 []


Underfull \hbox (badness 10000) in paragraph at lines 238--242

 []

runsystem(del _minted-005_salinas\7BC70A05E3AD583524DB163862D689CB6A4A785AA7720
DC0FBBA34466AB3931F.pygtex)...executed.

Package atveryend Info: Empty hook `BeforeClearDocument' on input line 248.
[8

]
Package atveryend Info: Empty hook `AfterLastShipout' on input line 248.
 (005_salinas.aux)
Package atveryend Info: Executing hook `AtVeryEndDocument' on input line 248.
Package atveryend Info: Executing hook `AtEndAfterFileList' on input line 248.
Package rerunfilecheck Info: File `005_salinas.out' has not changed.
(rerunfilecheck)             Checksum: 1309573A8377A4E9950409AE92F1147F;157.
Package atveryend Info: Empty hook `AtVeryVeryEnd' on input line 248.
 ) 
Here is how much of TeX's memory you used:
 10866 strings out of 492973
 180588 string characters out of 3127135
 326803 words of memory out of 3000000
 14540 multiletter control sequences out of 15000+200000
 7771 words of font info for 30 fonts, out of 3000000 for 9000
 1141 hyphenation exceptions out of 8191
 39i,18n,43p,973b,468s stack positions out of 5000i,500n,10000p,200000b,50000s
<C:/Users/Ever/AppData/Local/Programs/MiKTeX 2.9/fonts/type1/public/amsfonts/
cm/cmbx10.pfb><C:/Users/Ever/AppData/Local/Programs/MiKTeX 2.9/fonts/type1/publ
ic/amsfonts/cm/cmbx12.pfb><C:/Users/Ever/AppData/Local/Programs/MiKTeX 2.9/font
s/type1/public/amsfonts/cm/cmbxti10.pfb><C:/Users/Ever/AppData/Local/Programs/M
iKTeX 2.9/fonts/type1/public/amsfonts/cm/cmmi10.pfb><C:/Users/Ever/AppData/Loca
l/Programs/MiKTeX 2.9/fonts/type1/public/amsfonts/cm/cmr10.pfb><C:/Users/Ever/A
ppData/Local/Programs/MiKTeX 2.9/fonts/type1/public/amsfonts/cm/cmsy10.pfb><C:/
Users/Ever/AppData/Local/Programs/MiKTeX 2.9/fonts/type1/public/amsfonts/cm/cmt
i10.pfb><C:/Users/Ever/AppData/Local/Programs/MiKTeX 2.9/fonts/type1/public/ams
fonts/cm/cmti12.pfb><C:/Users/Ever/AppData/Local/Programs/MiKTeX 2.9/fonts/type
1/public/amsfonts/cm/cmtt10.pfb><C:/Users/Ever/AppData/Local/Programs/MiKTeX 2.
9/fonts/type1/public/lm/lmbx12.pfb><C:/Users/Ever/AppData/Local/Programs/MiKTeX
 2.9/fonts/type1/public/lm/lmcsc10.pfb><C:/Users/Ever/AppData/Local/Programs/Mi
KTeX 2.9/fonts/type1/public/lm/lmr12.pfb><C:/Users/Ever/AppData/Local/Programs/
MiKTeX 2.9/fonts/type1/public/lm/lmri12.pfb>
Output written on 005_salinas.pdf (8 pages, 564092 bytes).
PDF statistics:
 129 PDF objects out of 1000 (max. 8388607)
 12 named destinations out of 1000 (max. 500000)
 45 words of extra memory for PDF output out of 10000 (max. 10000000)

